Determining if the pthread_create exist failed with the following output:
Change Dir: /home/IEEE_PI/BinghamtonRover2017/development/CPP_ROVER_PACKAGE/catkin_ws/build/CMakeFiles/CMakeTmp

Run Build Command:"/usr/bin/make" "cmTC_1ae58/fast"
/usr/bin/make -f CMakeFiles/cmTC_1ae58.dir/build.make CMakeFiles/cmTC_1ae58.dir/build
make[1]: Entering directory '/home/IEEE_PI/BinghamtonRover2017/development/CPP_ROVER_PACKAGE/catkin_ws/build/CMakeFiles/CMakeTmp'
Building C object CMakeFiles/cmTC_1ae58.dir/CheckSymbolExists.c.o
/usr/bin/cc     -o CMakeFiles/cmTC_1ae58.dir/CheckSymbolExists.c.o   -c /home/IEEE_PI/BinghamtonRover2017/development/CPP_ROVER_PACKAGE/catkin_ws/build/CMakeFiles/CMakeTmp/CheckSymbolExists.c
Linking C executable cmTC_1ae58
/usr/bin/cmake -E cmake_link_script CMakeFiles/cmTC_1ae58.dir/link.txt --verbose=1
/usr/bin/cc       CMakeFiles/cmTC_1ae58.dir/CheckSymbolExists.c.o  -o cmTC_1ae58 -rdynamic 
CMakeFiles/cmTC_1ae58.dir/CheckSymbolExists.c.o: In function `main':
CheckSymbolExists.c:(.text+0xe): undefined reference to `pthread_create'
CheckSymbolExists.c:(.text+0x12): undefined reference to `pthread_create'
collect2: error: ld returned 1 exit status
CMakeFiles/cmTC_1ae58.dir/build.make:97: recipe for target 'cmTC_1ae58' failed
make[1]: *** [cmTC_1ae58] Error 1
make[1]: Leaving directory '/home/IEEE_PI/BinghamtonRover2017/development/CPP_ROVER_PACKAGE/catkin_ws/build/CMakeFiles/CMakeTmp'
Makefile:126: recipe for target 'cmTC_1ae58/fast' failed
make: *** [cmTC_1ae58/fast] Error 2

File /home/IEEE_PI/BinghamtonRover2017/development/CPP_ROVER_PACKAGE/catkin_ws/build/CMakeFiles/CMakeTmp/CheckSymbolExists.c:
/* */
#include <pthread.h>

int main(int argc, char** argv)
{
  (void)argv;
#ifndef pthread_create
  return ((int*)(&pthread_create))[argc];
#else
  (void)argc;
  return 0;
#endif
}

Determining if the function pthread_create exists in the pthreads failed with the following output:
Change Dir: /home/IEEE_PI/BinghamtonRover2017/development/CPP_ROVER_PACKAGE/catkin_ws/build/CMakeFiles/CMakeTmp

Run Build Command:"/usr/bin/make" "cmTC_932a7/fast"
/usr/bin/make -f CMakeFiles/cmTC_932a7.dir/build.make CMakeFiles/cmTC_932a7.dir/build
make[1]: Entering directory '/home/IEEE_PI/BinghamtonRover2017/development/CPP_ROVER_PACKAGE/catkin_ws/build/CMakeFiles/CMakeTmp'
Building C object CMakeFiles/cmTC_932a7.dir/CheckFunctionExists.c.o
/usr/bin/cc    -DCHECK_FUNCTION_EXISTS=pthread_create   -o CMakeFiles/cmTC_932a7.dir/CheckFunctionExists.c.o   -c /usr/share/cmake-3.5/Modules/CheckFunctionExists.c
Linking C executable cmTC_932a7
/usr/bin/cmake -E cmake_link_script CMakeFiles/cmTC_932a7.dir/link.txt --verbose=1
/usr/bin/cc   -DCHECK_FUNCTION_EXISTS=pthread_create    CMakeFiles/cmTC_932a7.dir/CheckFunctionExists.c.o  -o cmTC_932a7 -rdynamic -lpthreads 
/usr/bin/ld: cannot find -lpthreads
collect2: error: ld returned 1 exit status
CMakeFiles/cmTC_932a7.dir/build.make:97: recipe for target 'cmTC_932a7' failed
make[1]: *** [cmTC_932a7] Error 1
make[1]: Leaving directory '/home/IEEE_PI/BinghamtonRover2017/development/CPP_ROVER_PACKAGE/catkin_ws/build/CMakeFiles/CMakeTmp'
Makefile:126: recipe for target 'cmTC_932a7/fast' failed
make: *** [cmTC_932a7/fast] Error 2


